<?xml version="1.0" encoding="UTF-8"?>
<testng-results ignored="0" total="2" passed="2" failed="0" skipped="0">
  <reporter-output>
  </reporter-output>
  <suite started-at="2026-03-14T10:09:23 IST" name="Suite" finished-at="2026-03-14T10:10:12 IST" duration-ms="48823">
    <groups>
    </groups>
    <test started-at="2026-03-14T10:09:23 IST" name="Test" finished-at="2026-03-14T10:10:12 IST" duration-ms="48823">
      <class name="jenkins.Random2">
        <test-method signature="instagram()[pri:0, instance:jenkins.Random2@478190fc]" started-at="2026-03-14T10:09:23 IST" name="instagram" finished-at="2026-03-14T10:09:58 IST" duration-ms="34495" status="PASS">
          <reporter-output>
          </reporter-output>
        </test-method> <!-- instagram -->
      </class> <!-- jenkins.Random2 -->
      <class name="jenkins.Random1">
        <test-method signature="instagram()[pri:0, instance:jenkins.Random1@564fabc8]" started-at="2026-03-14T10:09:58 IST" name="instagram" finished-at="2026-03-14T10:10:12 IST" duration-ms="14119" status="PASS">
          <reporter-output>
          </reporter-output>
        </test-method> <!-- instagram -->
      </class> <!-- jenkins.Random1 -->
    </test> <!-- Test -->
  </suite> <!-- Suite -->
</testng-results>
